[debug] [2025-10-07T19:58:40.014Z] ----------------------------------------------------------------------
[debug] [2025-10-07T19:58:40.038Z] Command:       /Users/macbook/.nvm/versions/node/v22.19.0/bin/node /Users/macbook/.nvm/versions/node/v22.19.0/bin/firebase deploy --only functions
[debug] [2025-10-07T19:58:40.038Z] CLI Version:   14.18.0
[debug] [2025-10-07T19:58:40.038Z] Platform:      darwin
[debug] [2025-10-07T19:58:40.039Z] Node Version:  v22.19.0
[debug] [2025-10-07T19:58:40.039Z] Time:          Wed Oct 08 2025 01:28:40 GMT+0530 (India Standard Time)
[debug] [2025-10-07T19:58:40.039Z] ----------------------------------------------------------------------
[debug] 
[debug] [2025-10-07T19:58:40.389Z] > command requires scopes: ["email","openid","https://www.googleapis.com/auth/cloudplatformprojects.readonly","https://www.googleapis.com/auth/firebase","https://www.googleapis.com/auth/cloud-platform"]
[debug] [2025-10-07T19:58:40.390Z] > authorizing via signed-in user (raghavsinghal836@gmail.com)
[debug] [2025-10-07T19:58:40.390Z] [iam] checking project vm-authentication-4d4ea for permissions ["cloudfunctions.functions.create","cloudfunctions.functions.delete","cloudfunctions.functions.get","cloudfunctions.functions.list","cloudfunctions.functions.update","cloudfunctions.operations.get","firebase.projects.get"]
[debug] [2025-10-07T19:58:40.393Z] Checked if tokens are valid: true, expires at: 1759870622924
[debug] [2025-10-07T19:58:40.394Z] Checked if tokens are valid: true, expires at: 1759870622924
[debug] [2025-10-07T19:58:40.395Z] >>> [apiv2][query] POST https://cloudresourcemanager.googleapis.com/v1/projects/vm-authentication-4d4ea:testIamPermissions [none]
[debug] [2025-10-07T19:58:40.395Z] >>> [apiv2][(partial)header] POST https://cloudresourcemanager.googleapis.com/v1/projects/vm-authentication-4d4ea:testIamPermissions x-goog-quota-user=projects/vm-authentication-4d4ea
[debug] [2025-10-07T19:58:40.396Z] >>> [apiv2][body] POST https://cloudresourcemanager.googleapis.com/v1/projects/vm-authentication-4d4ea:testIamPermissions {"permissions":["cloudfunctions.functions.create","cloudfunctions.functions.delete","cloudfunctions.functions.get","cloudfunctions.functions.list","cloudfunctions.functions.update","cloudfunctions.operations.get","firebase.projects.get"]}
[debug] [2025-10-07T19:58:42.418Z] <<< [apiv2][status] POST https://cloudresourcemanager.googleapis.com/v1/projects/vm-authentication-4d4ea:testIamPermissions 200
[debug] [2025-10-07T19:58:42.418Z] <<< [apiv2][body] POST https://cloudresourcemanager.googleapis.com/v1/projects/vm-authentication-4d4ea:testIamPermissions {"permissions":["cloudfunctions.functions.create","cloudfunctions.functions.delete","cloudfunctions.functions.get","cloudfunctions.functions.list","cloudfunctions.functions.update","cloudfunctions.operations.get","firebase.projects.get"]}
[debug] [2025-10-07T19:58:42.418Z] Checked if tokens are valid: true, expires at: 1759870622924
[debug] [2025-10-07T19:58:42.418Z] Checked if tokens are valid: true, expires at: 1759870622924
[debug] [2025-10-07T19:58:42.419Z] >>> [apiv2][query] POST https://iam.googleapis.com/v1/projects/vm-authentication-4d4ea/serviceAccounts/vm-authentication-4d4ea@appspot.gserviceaccount.com:testIamPermissions [none]
[debug] [2025-10-07T19:58:42.419Z] >>> [apiv2][body] POST https://iam.googleapis.com/v1/projects/vm-authentication-4d4ea/serviceAccounts/vm-authentication-4d4ea@appspot.gserviceaccount.com:testIamPermissions {"permissions":["iam.serviceAccounts.actAs"]}
[debug] [2025-10-07T19:58:44.385Z] <<< [apiv2][status] POST https://iam.googleapis.com/v1/projects/vm-authentication-4d4ea/serviceAccounts/vm-authentication-4d4ea@appspot.gserviceaccount.com:testIamPermissions 200
[debug] [2025-10-07T19:58:44.385Z] <<< [apiv2][body] POST https://iam.googleapis.com/v1/projects/vm-authentication-4d4ea/serviceAccounts/vm-authentication-4d4ea@appspot.gserviceaccount.com:testIamPermissions {"permissions":["iam.serviceAccounts.actAs"]}
[info] 
[info] === Deploying to 'vm-authentication-4d4ea'...
[info] 
[info] i  deploying functions 
[debug] [2025-10-07T19:58:44.390Z] Checked if tokens are valid: true, expires at: 1759870622924
[debug] [2025-10-07T19:58:44.390Z] Checked if tokens are valid: true, expires at: 1759870622924
[debug] [2025-10-07T19:58:44.390Z] >>> [apiv2][query] GET https://cloudresourcemanager.googleapis.com/v1/projects/vm-authentication-4d4ea [none]
[debug] [2025-10-07T19:58:44.730Z] <<< [apiv2][status] GET https://cloudresourcemanager.googleapis.com/v1/projects/vm-authentication-4d4ea 200
[debug] [2025-10-07T19:58:44.731Z] <<< [apiv2][body] GET https://cloudresourcemanager.googleapis.com/v1/projects/vm-authentication-4d4ea {"projectNumber":"22793096035","projectId":"vm-authentication-4d4ea","lifecycleState":"ACTIVE","name":"VM Authentication","labels":{"firebase":"enabled","firebase-core":"disabled"},"createTime":"2025-09-28T14:01:12.357853Z"}
[info] i  functions: preparing codebase default for deployment 
[info] i  functions: ensuring required API cloudfunctions.googleapis.com is enabled... 
[info] i  functions: ensuring required API cloudbuild.googleapis.com is enabled... 
[info] i  artifactregistry: ensuring required API artifactregistry.googleapis.com is enabled... 
[debug] [2025-10-07T19:58:44.736Z] Checked if tokens are valid: true, expires at: 1759870622924
[debug] [2025-10-07T19:58:44.736Z] Checked if tokens are valid: true, expires at: 1759870622924
[debug] [2025-10-07T19:58:44.736Z] >>> [apiv2][query] GET https://firebase.googleapis.com/v1beta1/projects/vm-authentication-4d4ea/adminSdkConfig [none]
[debug] [2025-10-07T19:58:45.483Z] <<< [apiv2][status] GET https://firebase.googleapis.com/v1beta1/projects/vm-authentication-4d4ea/adminSdkConfig 200
[debug] [2025-10-07T19:58:45.483Z] <<< [apiv2][body] GET https://firebase.googleapis.com/v1beta1/projects/vm-authentication-4d4ea/adminSdkConfig {"projectId":"vm-authentication-4d4ea","storageBucket":"vm-authentication-4d4ea.firebasestorage.app"}
[debug] [2025-10-07T19:58:45.484Z] Checked if tokens are valid: true, expires at: 1759870622924
[debug] [2025-10-07T19:58:45.484Z] Checked if tokens are valid: true, expires at: 1759870622924
[debug] [2025-10-07T19:58:45.485Z] >>> [apiv2][query] GET https://runtimeconfig.googleapis.com/v1beta1/projects/vm-authentication-4d4ea/configs [none]
[debug] [2025-10-07T19:58:45.862Z] <<< [apiv2][status] GET https://runtimeconfig.googleapis.com/v1beta1/projects/vm-authentication-4d4ea/configs 200
[debug] [2025-10-07T19:58:45.862Z] <<< [apiv2][body] GET https://runtimeconfig.googleapis.com/v1beta1/projects/vm-authentication-4d4ea/configs {}
[debug] [2025-10-07T19:58:45.866Z] Validating nodejs source
[warn] ⚠  functions: package.json indicates an outdated version of firebase-functions. Please upgrade using npm install --save firebase-functions@latest in your functions directory. 
[warn] ⚠  functions: Please note that there will be breaking changes when you upgrade. 
[debug] [2025-10-07T19:58:47.836Z] > [functions] package.json contents: {
  "name": "functions",
  "description": "Cloud Functions for Firebase",
  "scripts": {
    "lint": "eslint .",
    "serve": "firebase emulators:start --only functions",
    "shell": "firebase functions:shell",
    "start": "npm run shell",
    "deploy": "firebase deploy --only functions",
    "logs": "firebase functions:log"
  },
  "engines": {
    "node": "22"
  },
  "main": "index.js",
  "dependencies": {
    "firebase-admin": "^13.5.0",
    "firebase-functions": "^5.1.1"
  },
  "devDependencies": {
    "eslint": "^8.15.0",
    "eslint-config-google": "^0.14.0",
    "firebase-functions-test": "^3.1.0"
  },
  "private": true
}
[debug] [2025-10-07T19:58:47.837Z] Building nodejs source
[info] i  functions: Loading and analyzing source code for codebase default to determine what to deploy 
[debug] [2025-10-07T19:58:47.838Z] Could not find functions.yaml. Must use http discovery
[debug] [2025-10-07T19:58:47.858Z] Found firebase-functions binary at '/Users/macbook/Desktop/react-native/VyaparMantra/functions/node_modules/.bin/firebase-functions'
[info] Serving at port 8106

[debug] [2025-10-07T19:58:49.881Z] Got response from /__/functions.yaml {"endpoints":{"loginWithPassword":{"platform":"gcfv1","availableMemoryMb":null,"timeoutSeconds":null,"minInstances":null,"maxInstances":null,"ingressSettings":null,"serviceAccountEmail":null,"vpc":null,"region":["asia-south1"],"httpsTrigger":{},"entryPoint":"loginWithPassword"}},"specVersion":"v1alpha1","requiredAPIs":[],"extensions":{}}
[info] i  extensions: ensuring required API firebaseextensions.googleapis.com is enabled... 
[debug] [2025-10-07T19:58:53.935Z] > command requires scopes: ["email","openid","https://www.googleapis.com/auth/cloudplatformprojects.readonly","https://www.googleapis.com/auth/firebase","https://www.googleapis.com/auth/cloud-platform"]
[debug] [2025-10-07T19:58:53.936Z] > authorizing via signed-in user (raghavsinghal836@gmail.com)
[debug] [2025-10-07T19:58:53.936Z] [iam] checking project vm-authentication-4d4ea for permissions ["firebase.projects.get","firebaseextensions.instances.list"]
[debug] [2025-10-07T19:58:53.936Z] Checked if tokens are valid: true, expires at: 1759870622924
[debug] [2025-10-07T19:58:53.936Z] Checked if tokens are valid: true, expires at: 1759870622924
[debug] [2025-10-07T19:58:53.936Z] >>> [apiv2][query] POST https://cloudresourcemanager.googleapis.com/v1/projects/vm-authentication-4d4ea:testIamPermissions [none]
[debug] [2025-10-07T19:58:53.937Z] >>> [apiv2][(partial)header] POST https://cloudresourcemanager.googleapis.com/v1/projects/vm-authentication-4d4ea:testIamPermissions x-goog-quota-user=projects/vm-authentication-4d4ea
[debug] [2025-10-07T19:58:53.937Z] >>> [apiv2][body] POST https://cloudresourcemanager.googleapis.com/v1/projects/vm-authentication-4d4ea:testIamPermissions {"permissions":["firebase.projects.get","firebaseextensions.instances.list"]}
[debug] [2025-10-07T19:58:56.589Z] <<< [apiv2][status] POST https://cloudresourcemanager.googleapis.com/v1/projects/vm-authentication-4d4ea:testIamPermissions 200
[debug] [2025-10-07T19:58:56.589Z] <<< [apiv2][body] POST https://cloudresourcemanager.googleapis.com/v1/projects/vm-authentication-4d4ea:testIamPermissions {"permissions":["firebase.projects.get","firebaseextensions.instances.list"]}
[debug] [2025-10-07T19:58:56.590Z] Checked if tokens are valid: true, expires at: 1759870622924
[debug] [2025-10-07T19:58:56.590Z] Checked if tokens are valid: true, expires at: 1759870622924
[debug] [2025-10-07T19:58:56.590Z] >>> [apiv2][query] GET https://firebaseextensions.googleapis.com/v1beta/projects/vm-authentication-4d4ea/instances pageSize=100&pageToken=
[debug] [2025-10-07T19:58:59.130Z] <<< [apiv2][status] GET https://firebaseextensions.googleapis.com/v1beta/projects/vm-authentication-4d4ea/instances 200
[debug] [2025-10-07T19:58:59.130Z] <<< [apiv2][body] GET https://firebaseextensions.googleapis.com/v1beta/projects/vm-authentication-4d4ea/instances {}
[info] i  functions: preparing functions directory for uploading... 
[info] i  functions: packaged /Users/macbook/Desktop/react-native/VyaparMantra/functions (43.15 KB) for uploading 
[debug] [2025-10-07T19:58:59.200Z] Checked if tokens are valid: true, expires at: 1759870622924
[debug] [2025-10-07T19:58:59.201Z] Checked if tokens are valid: true, expires at: 1759870622924
[debug] [2025-10-07T19:58:59.201Z] >>> [apiv2][query] GET https://cloudfunctions.googleapis.com/v1/projects/vm-authentication-4d4ea/locations/-/functions [none]
[debug] [2025-10-07T19:59:00.034Z] <<< [apiv2][status] GET https://cloudfunctions.googleapis.com/v1/projects/vm-authentication-4d4ea/locations/-/functions 200
[debug] [2025-10-07T19:59:00.034Z] <<< [apiv2][body] GET https://cloudfunctions.googleapis.com/v1/projects/vm-authentication-4d4ea/locations/-/functions {}
[debug] [2025-10-07T19:59:00.035Z] Checked if tokens are valid: true, expires at: 1759870622924
[debug] [2025-10-07T19:59:00.035Z] Checked if tokens are valid: true, expires at: 1759870622924
[debug] [2025-10-07T19:59:00.035Z] >>> [apiv2][query] GET https://cloudfunctions.googleapis.com/v2/projects/vm-authentication-4d4ea/locations/-/functions filter=environment%3D%22GEN_2%22
[debug] [2025-10-07T19:59:01.670Z] <<< [apiv2][status] GET https://cloudfunctions.googleapis.com/v2/projects/vm-authentication-4d4ea/locations/-/functions 200
[debug] [2025-10-07T19:59:01.670Z] <<< [apiv2][body] GET https://cloudfunctions.googleapis.com/v2/projects/vm-authentication-4d4ea/locations/-/functions {"functions":[{"name":"projects/vm-authentication-4d4ea/locations/us-central1/functions/loginWithPassword","buildConfig":{"build":"projects/22793096035/locations/us-central1/builds/89a2ab37-423a-4392-b124-fa3879d88091","runtime":"nodejs20","entryPoint":"loginWithPassword","source":{"storageSource":{"bucket":"gcf-v2-sources-22793096035-us-central1","object":"loginWithPassword/function-source.zip","generation":"1759837171497979"}},"environmentVariables":{"GOOGLE_NODE_RUN_SCRIPTS":""},"dockerRepository":"projects/vm-authentication-4d4ea/locations/us-central1/repositories/gcf-artifacts","serviceAccount":"projects/vm-authentication-4d4ea/serviceAccounts/22793096035-compute@developer.gserviceaccount.com","automaticUpdatePolicy":{}},"serviceConfig":{"service":"projects/vm-authentication-4d4ea/locations/us-central1/services/loginwithpassword","timeoutSeconds":60,"environmentVariables":{"FIREBASE_CONFIG":"{\"projectId\":\"vm-authentication-4d4ea\",\"storageBucket\":\"vm-authentication-4d4ea.firebasestorage.app\"}","GCLOUD_PROJECT":"vm-authentication-4d4ea","EVENTARC_CLOUD_EVENT_SOURCE":"projects/vm-authentication-4d4ea/locations/us-central1/services/loginWithPassword","FUNCTION_TARGET":"loginWithPassword","LOG_EXECUTION_ID":"true"},"maxInstanceCount":3,"ingressSettings":"ALLOW_ALL","serviceAccountEmail":"22793096035-compute@developer.gserviceaccount.com","availableMemory":"256Mi","allTrafficOnLatestRevision":true,"revision":"loginwithpassword-00006-nov","maxInstanceRequestConcurrency":80,"availableCpu":"1"},"state":"ACTIVE","updateTime":"2025-10-07T11:40:51.411745359Z","labels":{"firebase-functions-hash":"4a2d5dbf98f82a6fc4b27dab1ea02bcdf0beb75a","deployment-tool":"cli-firebase"},"environment":"GEN_2","url":"https://us-central1-vm-authentication-4d4ea.cloudfunctions.net/loginWithPassword","createTime":"2025-10-06T19:52:11.794493367Z","satisfiesPzi":true}]}
[debug] [2025-10-07T19:59:01.680Z] Checked if tokens are valid: true, expires at: 1759870622924
[debug] [2025-10-07T19:59:01.680Z] Checked if tokens are valid: true, expires at: 1759870622924
[debug] [2025-10-07T19:59:01.680Z] >>> [apiv2][query] GET https://cloudresourcemanager.googleapis.com/v1/projects/vm-authentication-4d4ea [none]
[debug] [2025-10-07T19:59:03.232Z] <<< [apiv2][status] GET https://cloudresourcemanager.googleapis.com/v1/projects/vm-authentication-4d4ea 200
[debug] [2025-10-07T19:59:03.232Z] <<< [apiv2][body] GET https://cloudresourcemanager.googleapis.com/v1/projects/vm-authentication-4d4ea {"projectNumber":"22793096035","projectId":"vm-authentication-4d4ea","lifecycleState":"ACTIVE","name":"VM Authentication","labels":{"firebase":"enabled","firebase-core":"disabled"},"createTime":"2025-09-28T14:01:12.357853Z"}
[debug] [2025-10-07T19:59:03.234Z] Checked if tokens are valid: true, expires at: 1759870622924
[debug] [2025-10-07T19:59:03.234Z] Checked if tokens are valid: true, expires at: 1759870622924
[debug] [2025-10-07T19:59:03.234Z] >>> [apiv2][query] GET https://cloudbilling.googleapis.com/v1/projects/vm-authentication-4d4ea/billingInfo [none]
[debug] [2025-10-07T19:59:03.800Z] <<< [apiv2][status] GET https://cloudbilling.googleapis.com/v1/projects/vm-authentication-4d4ea/billingInfo 200
[debug] [2025-10-07T19:59:03.800Z] <<< [apiv2][body] GET https://cloudbilling.googleapis.com/v1/projects/vm-authentication-4d4ea/billingInfo {"name":"projects/vm-authentication-4d4ea/billingInfo","projectId":"vm-authentication-4d4ea","billingAccountName":"billingAccounts/0137C3-4B7EA1-5D3DE7","billingEnabled":true}
[debug] [2025-10-07T19:59:03.801Z] [functions] found 1 new HTTP functions, testing setIamPolicy permission...
[debug] [2025-10-07T19:59:03.802Z] Checked if tokens are valid: true, expires at: 1759870622924
[debug] [2025-10-07T19:59:03.802Z] Checked if tokens are valid: true, expires at: 1759870622924
[debug] [2025-10-07T19:59:03.802Z] >>> [apiv2][query] POST https://cloudresourcemanager.googleapis.com/v1/projects/vm-authentication-4d4ea:testIamPermissions [none]
[debug] [2025-10-07T19:59:03.802Z] >>> [apiv2][(partial)header] POST https://cloudresourcemanager.googleapis.com/v1/projects/vm-authentication-4d4ea:testIamPermissions x-goog-quota-user=projects/vm-authentication-4d4ea
[debug] [2025-10-07T19:59:03.802Z] >>> [apiv2][body] POST https://cloudresourcemanager.googleapis.com/v1/projects/vm-authentication-4d4ea:testIamPermissions {"permissions":["cloudfunctions.functions.setIamPolicy"]}
[debug] [2025-10-07T19:59:04.134Z] <<< [apiv2][status] POST https://cloudresourcemanager.googleapis.com/v1/projects/vm-authentication-4d4ea:testIamPermissions 200
[debug] [2025-10-07T19:59:04.134Z] <<< [apiv2][body] POST https://cloudresourcemanager.googleapis.com/v1/projects/vm-authentication-4d4ea:testIamPermissions {"permissions":["cloudfunctions.functions.setIamPolicy"]}
[debug] [2025-10-07T19:59:04.135Z] [functions] found setIamPolicy permission, proceeding with deploy
[debug] [2025-10-07T19:59:04.135Z] Checked if tokens are valid: true, expires at: 1759870622924
[debug] [2025-10-07T19:59:04.135Z] Checked if tokens are valid: true, expires at: 1759870622924
[debug] [2025-10-07T19:59:04.136Z] >>> [apiv2][query] POST https://cloudfunctions.googleapis.com/v1/projects/vm-authentication-4d4ea/locations/asia-south1/functions:generateUploadUrl [none]
[debug] [2025-10-07T19:59:04.136Z] >>> [apiv2][body] POST https://cloudfunctions.googleapis.com/v1/projects/vm-authentication-4d4ea/locations/asia-south1/functions:generateUploadUrl {}
[debug] [2025-10-07T19:59:40.066Z] <<< [apiv2][status] POST https://cloudfunctions.googleapis.com/v1/projects/vm-authentication-4d4ea/locations/asia-south1/functions:generateUploadUrl 200
[debug] [2025-10-07T19:59:40.067Z] <<< [apiv2][body] POST https://cloudfunctions.googleapis.com/v1/projects/vm-authentication-4d4ea/locations/asia-south1/functions:generateUploadUrl {"uploadUrl":"https://storage.googleapis.com/uploads-12254248519.asia-south1.cloudfunctions.appspot.com/b3896ee1-8aa9-4e5a-b999-b5443b3f0e24.zip?GoogleAccessId=service-22793096035@gcf-admin-robot.iam.gserviceaccount.com&Expires=1759868979&Signature=AFcOmQMrKzBw9Dz%2FDUL3iOzcGmAybW6B62YmNaLW9BiIIFQUbe88WuBAJzmdATSwMJLj1UxmwBllduP3DXzTI6tBPRe0%2FFyfg10qNcHcc7cukARJ9w0KNkVAIIPGs3H1sGFkgSJniNLkYEIminwihW0n2z%2BJ%2B66Zh19x0QF8f%2F1WGQHQw3lk1GRya7GWnKn2NIcmHEuEoSxnu9zEXmEmf%2FTr7XzMT69eoTy1X%2FcS7o3Ms26FLiO2626rZjHkjqlQyhM19fdm4d%2FImdoKobZH4w3pq2b6OSaUURZU2%2FWRLbQg6VnV1FxqckMUT1DLCdiVzjx3VClvurN%2FEX1RVYiNqA%3D%3D"}
[debug] [2025-10-07T19:59:40.068Z] >>> [apiv2][query] PUT https://storage.googleapis.com/uploads-12254248519.asia-south1.cloudfunctions.appspot.com/b3896ee1-8aa9-4e5a-b999-b5443b3f0e24.zip GoogleAccessId=service-22793096035%40gcf-admin-robot.iam.gserviceaccount.com&Expires=1759868979&Signature=AFcOmQMrKzBw9Dz%2FDUL3iOzcGmAybW6B62YmNaLW9BiIIFQUbe88WuBAJzmdATSwMJLj1UxmwBllduP3DXzTI6tBPRe0%2FFyfg10qNcHcc7cukARJ9w0KNkVAIIPGs3H1sGFkgSJniNLkYEIminwihW0n2z%2BJ%2B66Zh19x0QF8f%2F1WGQHQw3lk1GRya7GWnKn2NIcmHEuEoSxnu9zEXmEmf%2FTr7XzMT69eoTy1X%2FcS7o3Ms26FLiO2626rZjHkjqlQyhM19fdm4d%2FImdoKobZH4w3pq2b6OSaUURZU2%2FWRLbQg6VnV1FxqckMUT1DLCdiVzjx3VClvurN%2FEX1RVYiNqA%3D%3D
[debug] [2025-10-07T19:59:40.069Z] >>> [apiv2][body] PUT https://storage.googleapis.com/uploads-12254248519.asia-south1.cloudfunctions.appspot.com/b3896ee1-8aa9-4e5a-b999-b5443b3f0e24.zip [stream]
[debug] [2025-10-07T19:59:41.155Z] <<< [apiv2][status] PUT https://storage.googleapis.com/uploads-12254248519.asia-south1.cloudfunctions.appspot.com/b3896ee1-8aa9-4e5a-b999-b5443b3f0e24.zip 200
[debug] [2025-10-07T19:59:41.155Z] <<< [apiv2][body] PUT https://storage.googleapis.com/uploads-12254248519.asia-south1.cloudfunctions.appspot.com/b3896ee1-8aa9-4e5a-b999-b5443b3f0e24.zip [omitted]
[info] ✔  functions: functions source uploaded successfully 
[info] 
The following functions are found in your project but do not exist in your local source code:
	loginWithPassword(us-central1)

If you are renaming a function or changing its region, it is recommended that you create the new function first before deleting the old one to prevent event loss. For more info, visit https://firebase.google.com/docs/functions/manage-functions#modify

[info] i  functions: creating Node.js 20 (1st Gen) function loginWithPassword(asia-south1)... 
[debug] [2025-10-07T19:59:53.937Z] Checked if tokens are valid: true, expires at: 1759870622924
[debug] [2025-10-07T19:59:53.938Z] Checked if tokens are valid: true, expires at: 1759870622924
[info] i  functions: deleting Node.js 20 (2nd Gen) function loginWithPassword(us-central1)... 
[debug] [2025-10-07T19:59:53.939Z] Checked if tokens are valid: true, expires at: 1759870622924
[debug] [2025-10-07T19:59:53.939Z] Checked if tokens are valid: true, expires at: 1759870622924
[debug] [2025-10-07T19:59:53.940Z] >>> [apiv2][query] POST https://cloudfunctions.googleapis.com/v1/projects/vm-authentication-4d4ea/locations/asia-south1/functions [none]
[debug] [2025-10-07T19:59:53.940Z] >>> [apiv2][body] POST https://cloudfunctions.googleapis.com/v1/projects/vm-authentication-4d4ea/locations/asia-south1/functions {"name":"projects/vm-authentication-4d4ea/locations/asia-south1/functions/loginWithPassword","sourceUploadUrl":"https://storage.googleapis.com/uploads-12254248519.asia-south1.cloudfunctions.appspot.com/b3896ee1-8aa9-4e5a-b999-b5443b3f0e24.zip?GoogleAccessId=service-22793096035@gcf-admin-robot.iam.gserviceaccount.com&Expires=1759868979&Signature=AFcOmQMrKzBw9Dz%2FDUL3iOzcGmAybW6B62YmNaLW9BiIIFQUbe88WuBAJzmdATSwMJLj1UxmwBllduP3DXzTI6tBPRe0%2FFyfg10qNcHcc7cukARJ9w0KNkVAIIPGs3H1sGFkgSJniNLkYEIminwihW0n2z%2BJ%2B66Zh19x0QF8f%2F1WGQHQw3lk1GRya7GWnKn2NIcmHEuEoSxnu9zEXmEmf%2FTr7XzMT69eoTy1X%2FcS7o3Ms26FLiO2626rZjHkjqlQyhM19fdm4d%2FImdoKobZH4w3pq2b6OSaUURZU2%2FWRLbQg6VnV1FxqckMUT1DLCdiVzjx3VClvurN%2FEX1RVYiNqA%3D%3D","entryPoint":"loginWithPassword","runtime":"nodejs20","dockerRegistry":"ARTIFACT_REGISTRY","labels":{"deployment-tool":"cli-firebase","firebase-functions-hash":"740b0f20b6c5c8e5ff35727161b44f3b24cb1071"},"httpsTrigger":{"securityLevel":"SECURE_ALWAYS"},"minInstances":null,"maxInstances":null,"ingressSettings":null,"environmentVariables":{"FIREBASE_CONFIG":"{\"projectId\":\"vm-authentication-4d4ea\",\"storageBucket\":\"vm-authentication-4d4ea.firebasestorage.app\"}","GCLOUD_PROJECT":"vm-authentication-4d4ea","EVENTARC_CLOUD_EVENT_SOURCE":"projects/vm-authentication-4d4ea/locations/asia-south1/functions/loginWithPassword"},"serviceAccountEmail":null,"availableMemoryMb":null,"timeout":null,"vpcConnector":null,"vpcConnectorEgressSettings":null,"buildEnvironmentVariables":{"GOOGLE_NODE_RUN_SCRIPTS":""}}
[debug] [2025-10-07T19:59:53.955Z] >>> [apiv2][query] DELETE https://cloudfunctions.googleapis.com/v2/projects/vm-authentication-4d4ea/locations/us-central1/functions/loginWithPassword [none]
[debug] [2025-10-07T19:59:54.746Z] <<< [apiv2][status] POST https://cloudfunctions.googleapis.com/v1/projects/vm-authentication-4d4ea/locations/asia-south1/functions 200
[debug] [2025-10-07T19:59:54.746Z] <<< [apiv2][body] POST https://cloudfunctions.googleapis.com/v1/projects/vm-authentication-4d4ea/locations/asia-south1/functions {"name":"operations/cHJvamVjdHMvdm0tYXV0aGVudGljYXRpb24tNGQ0ZWEvbG9jYXRpb25zL2FzaWEtc291dGgxL29wZXJhdGlvbnMvb3BlcmF0aW9uLTE3NTk4NjcxOTQxODMtNjQwOTcwMmY2MGZmNi1kOTA5YjU0NS1kMWY2OTJlYQ","metadata":{"@type":"type.googleapis.com/google.cloud.functions.v1.OperationMetadataV1","target":"projects/vm-authentication-4d4ea/locations/asia-south1/functions/loginWithPassword","updateTime":"2025-10-07T19:59:54.677769125Z"}}
[debug] [2025-10-07T19:59:54.747Z] Checked if tokens are valid: true, expires at: 1759870622924
[debug] [2025-10-07T19:59:54.747Z] Checked if tokens are valid: true, expires at: 1759870622924
[debug] [2025-10-07T19:59:54.748Z] >>> [apiv2][query] GET https://cloudfunctions.googleapis.com/v1/operations/cHJvamVjdHMvdm0tYXV0aGVudGljYXRpb24tNGQ0ZWEvbG9jYXRpb25zL2FzaWEtc291dGgxL29wZXJhdGlvbnMvb3BlcmF0aW9uLTE3NTk4NjcxOTQxODMtNjQwOTcwMmY2MGZmNi1kOTA5YjU0NS1kMWY2OTJlYQ [none]
[debug] [2025-10-07T19:59:55.771Z] <<< [apiv2][status] DELETE https://cloudfunctions.googleapis.com/v2/projects/vm-authentication-4d4ea/locations/us-central1/functions/loginWithPassword 200
[debug] [2025-10-07T19:59:55.772Z] <<< [apiv2][body] DELETE https://cloudfunctions.googleapis.com/v2/projects/vm-authentication-4d4ea/locations/us-central1/functions/loginWithPassword {"name":"projects/vm-authentication-4d4ea/locations/us-central1/operations/operation-1759867195197-640970305889a-4b26f734-1ea02cdf","metadata":{"@type":"type.googleapis.com/google.cloud.functions.v2.OperationMetadata","createTime":"2025-10-07T19:59:55.219020574Z","target":"projects/vm-authentication-4d4ea/locations/us-central1/functions/loginWithPassword","verb":"delete","cancelRequested":false,"apiVersion":"v2"},"done":false}
[debug] [2025-10-07T19:59:55.772Z] Checked if tokens are valid: true, expires at: 1759870622924
[debug] [2025-10-07T19:59:55.772Z] Checked if tokens are valid: true, expires at: 1759870622924
[debug] [2025-10-07T19:59:55.773Z] >>> [apiv2][query] GET https://cloudfunctions.googleapis.com/v2/projects/vm-authentication-4d4ea/locations/us-central1/operations/operation-1759867195197-640970305889a-4b26f734-1ea02cdf [none]
[debug] [2025-10-07T19:59:55.775Z] <<< [apiv2][status] GET https://cloudfunctions.googleapis.com/v1/operations/cHJvamVjdHMvdm0tYXV0aGVudGljYXRpb24tNGQ0ZWEvbG9jYXRpb25zL2FzaWEtc291dGgxL29wZXJhdGlvbnMvb3BlcmF0aW9uLTE3NTk4NjcxOTQxODMtNjQwOTcwMmY2MGZmNi1kOTA5YjU0NS1kMWY2OTJlYQ 200
[debug] [2025-10-07T19:59:55.775Z] <<< [apiv2][body] GET https://cloudfunctions.googleapis.com/v1/operations/cHJvamVjdHMvdm0tYXV0aGVudGljYXRpb24tNGQ0ZWEvbG9jYXRpb25zL2FzaWEtc291dGgxL29wZXJhdGlvbnMvb3BlcmF0aW9uLTE3NTk4NjcxOTQxODMtNjQwOTcwMmY2MGZmNi1kOTA5YjU0NS1kMWY2OTJlYQ {"name":"operations/cHJvamVjdHMvdm0tYXV0aGVudGljYXRpb24tNGQ0ZWEvbG9jYXRpb25zL2FzaWEtc291dGgxL29wZXJhdGlvbnMvb3BlcmF0aW9uLTE3NTk4NjcxOTQxODMtNjQwOTcwMmY2MGZmNi1kOTA5YjU0NS1kMWY2OTJlYQ","metadata":{"@type":"type.googleapis.com/google.cloud.functions.v1.OperationMetadataV1","target":"projects/vm-authentication-4d4ea/locations/asia-south1/functions/loginWithPassword","updateTime":"2025-10-07T19:59:54.677769125Z"}}
[debug] [2025-10-07T19:59:56.276Z] [create-default-asia-south1-loginWithPassword] Retrying task index 0
[debug] [2025-10-07T19:59:56.277Z] Checked if tokens are valid: true, expires at: 1759870622924
[debug] [2025-10-07T19:59:56.277Z] Checked if tokens are valid: true, expires at: 1759870622924
[debug] [2025-10-07T19:59:56.277Z] >>> [apiv2][query] GET https://cloudfunctions.googleapis.com/v1/operations/cHJvamVjdHMvdm0tYXV0aGVudGljYXRpb24tNGQ0ZWEvbG9jYXRpb25zL2FzaWEtc291dGgxL29wZXJhdGlvbnMvb3BlcmF0aW9uLTE3NTk4NjcxOTQxODMtNjQwOTcwMmY2MGZmNi1kOTA5YjU0NS1kMWY2OTJlYQ [none]
[debug] [2025-10-07T19:59:56.486Z] <<< [apiv2][status] GET https://cloudfunctions.googleapis.com/v1/operations/cHJvamVjdHMvdm0tYXV0aGVudGljYXRpb24tNGQ0ZWEvbG9jYXRpb25zL2FzaWEtc291dGgxL29wZXJhdGlvbnMvb3BlcmF0aW9uLTE3NTk4NjcxOTQxODMtNjQwOTcwMmY2MGZmNi1kOTA5YjU0NS1kMWY2OTJlYQ 200
[debug] [2025-10-07T19:59:56.486Z] <<< [apiv2][body] GET https://cloudfunctions.googleapis.com/v1/operations/cHJvamVjdHMvdm0tYXV0aGVudGljYXRpb24tNGQ0ZWEvbG9jYXRpb25zL2FzaWEtc291dGgxL29wZXJhdGlvbnMvb3BlcmF0aW9uLTE3NTk4NjcxOTQxODMtNjQwOTcwMmY2MGZmNi1kOTA5YjU0NS1kMWY2OTJlYQ {"name":"operations/cHJvamVjdHMvdm0tYXV0aGVudGljYXRpb24tNGQ0ZWEvbG9jYXRpb25zL2FzaWEtc291dGgxL29wZXJhdGlvbnMvb3BlcmF0aW9uLTE3NTk4NjcxOTQxODMtNjQwOTcwMmY2MGZmNi1kOTA5YjU0NS1kMWY2OTJlYQ","metadata":{"@type":"type.googleapis.com/google.cloud.functions.v1.OperationMetadataV1","target":"projects/vm-authentication-4d4ea/locations/asia-south1/functions/loginWithPassword","type":"CREATE_FUNCTION","request":{"@type":"type.googleapis.com/google.cloud.functions.v1.CloudFunction","name":"projects/vm-authentication-4d4ea/locations/asia-south1/functions/loginWithPassword","httpsTrigger":{"securityLevel":"SECURE_ALWAYS"},"entryPoint":"loginWithPassword","updateTime":"1970-01-01T00:00:00Z","labels":{"deployment-tool":"cli-firebase","firebase-functions-hash":"740b0f20b6c5c8e5ff35727161b44f3b24cb1071"},"sourceUploadUrl":"https://storage.googleapis.com/uploads-12254248519.asia-south1.cloudfunctions.appspot.com/b3896ee1-8aa9-4e5a-b999-b5443b3f0e24.zip?GoogleAccessId=service-22793096035@gcf-admin-robot.iam.gserviceaccount.com&Expires=1759868979&Signature=AFcOmQMrKzBw9Dz%2FDUL3iOzcGmAybW6B62YmNaLW9BiIIFQUbe88WuBAJzmdATSwMJLj1UxmwBllduP3DXzTI6tBPRe0%2FFyfg10qNcHcc7cukARJ9w0KNkVAIIPGs3H1sGFkgSJniNLkYEIminwihW0n2z%2BJ%2B66Zh19x0QF8f%2F1WGQHQw3lk1GRya7GWnKn2NIcmHEuEoSxnu9zEXmEmf%2FTr7XzMT69eoTy1X%2FcS7o3Ms26FLiO2626rZjHkjqlQyhM19fdm4d%2FImdoKobZH4w3pq2b6OSaUURZU2%2FWRLbQg6VnV1FxqckMUT1DLCdiVzjx3VClvurN%2FEX1RVYiNqA%3D%3D","environmentVariables":{"FIREBASE_CONFIG":"{\"projectId\":\"vm-authentication-4d4ea\",\"storageBucket\":\"vm-authentication-4d4ea.firebasestorage.app\"}","GCLOUD_PROJECT":"vm-authentication-4d4ea","EVENTARC_CLOUD_EVENT_SOURCE":"projects/vm-authentication-4d4ea/locations/asia-south1/functions/loginWithPassword"},"runtime":"nodejs20","buildEnvironmentVariables":{"GOOGLE_NODE_RUN_SCRIPTS":""},"dockerRegistry":"ARTIFACT_REGISTRY"},"versionId":"1","updateTime":"2025-10-07T19:59:54.677769125Z"}}
[debug] [2025-10-07T19:59:57.298Z] <<< [apiv2][status] GET https://cloudfunctions.googleapis.com/v2/projects/vm-authentication-4d4ea/locations/us-central1/operations/operation-1759867195197-640970305889a-4b26f734-1ea02cdf 200
[debug] [2025-10-07T19:59:57.298Z] <<< [apiv2][body] GET https://cloudfunctions.googleapis.com/v2/projects/vm-authentication-4d4ea/locations/us-central1/operations/operation-1759867195197-640970305889a-4b26f734-1ea02cdf {"name":"projects/vm-authentication-4d4ea/locations/us-central1/operations/operation-1759867195197-640970305889a-4b26f734-1ea02cdf","metadata":{"@type":"type.googleapis.com/google.cloud.functions.v2.OperationMetadata","createTime":"2025-10-07T19:59:55.219020574Z","target":"projects/vm-authentication-4d4ea/locations/us-central1/functions/loginWithPassword","verb":"delete","cancelRequested":false,"apiVersion":"v2","requestResource":{"@type":"type.googleapis.com/google.cloud.functions.v2.Function","name":"projects/vm-authentication-4d4ea/locations/us-central1/functions/loginWithPassword","environment":"GEN_2"},"stages":[{"name":"ARTIFACT_REGISTRY","state":"NOT_STARTED"},{"name":"SERVICE","message":"Deleting Cloud Run service","state":"IN_PROGRESS","resource":"projects/vm-authentication-4d4ea/locations/us-central1/services/loginwithpassword"}],"operationType":"DELETE_FUNCTION"},"done":false}
[debug] [2025-10-07T19:59:57.486Z] [create-default-asia-south1-loginWithPassword] Retrying task index 0
[debug] [2025-10-07T19:59:57.486Z] Checked if tokens are valid: true, expires at: 1759870622924
[debug] [2025-10-07T19:59:57.486Z] Checked if tokens are valid: true, expires at: 1759870622924
[debug] [2025-10-07T19:59:57.486Z] >>> [apiv2][query] GET https://cloudfunctions.googleapis.com/v1/operations/cHJvamVjdHMvdm0tYXV0aGVudGljYXRpb24tNGQ0ZWEvbG9jYXRpb25zL2FzaWEtc291dGgxL29wZXJhdGlvbnMvb3BlcmF0aW9uLTE3NTk4NjcxOTQxODMtNjQwOTcwMmY2MGZmNi1kOTA5YjU0NS1kMWY2OTJlYQ [none]
[debug] [2025-10-07T19:59:57.799Z] [delete-default-us-central1-loginWithPassword] Retrying task index 0
[debug] [2025-10-07T19:59:57.799Z] Checked if tokens are valid: true, expires at: 1759870622924
[debug] [2025-10-07T19:59:57.799Z] Checked if tokens are valid: true, expires at: 1759870622924
[debug] [2025-10-07T19:59:57.799Z] >>> [apiv2][query] GET https://cloudfunctions.googleapis.com/v2/projects/vm-authentication-4d4ea/locations/us-central1/operations/operation-1759867195197-640970305889a-4b26f734-1ea02cdf [none]
[debug] [2025-10-07T19:59:57.800Z] <<< [apiv2][status] GET https://cloudfunctions.googleapis.com/v1/operations/cHJvamVjdHMvdm0tYXV0aGVudGljYXRpb24tNGQ0ZWEvbG9jYXRpb25zL2FzaWEtc291dGgxL29wZXJhdGlvbnMvb3BlcmF0aW9uLTE3NTk4NjcxOTQxODMtNjQwOTcwMmY2MGZmNi1kOTA5YjU0NS1kMWY2OTJlYQ 200
[debug] [2025-10-07T19:59:57.800Z] <<< [apiv2][body] GET https://cloudfunctions.googleapis.com/v1/operations/cHJvamVjdHMvdm0tYXV0aGVudGljYXRpb24tNGQ0ZWEvbG9jYXRpb25zL2FzaWEtc291dGgxL29wZXJhdGlvbnMvb3BlcmF0aW9uLTE3NTk4NjcxOTQxODMtNjQwOTcwMmY2MGZmNi1kOTA5YjU0NS1kMWY2OTJlYQ {"name":"operations/cHJvamVjdHMvdm0tYXV0aGVudGljYXRpb24tNGQ0ZWEvbG9jYXRpb25zL2FzaWEtc291dGgxL29wZXJhdGlvbnMvb3BlcmF0aW9uLTE3NTk4NjcxOTQxODMtNjQwOTcwMmY2MGZmNi1kOTA5YjU0NS1kMWY2OTJlYQ","metadata":{"@type":"type.googleapis.com/google.cloud.functions.v1.OperationMetadataV1","target":"projects/vm-authentication-4d4ea/locations/asia-south1/functions/loginWithPassword","type":"CREATE_FUNCTION","request":{"@type":"type.googleapis.com/google.cloud.functions.v1.CloudFunction","name":"projects/vm-authentication-4d4ea/locations/asia-south1/functions/loginWithPassword","httpsTrigger":{"securityLevel":"SECURE_ALWAYS"},"entryPoint":"loginWithPassword","updateTime":"1970-01-01T00:00:00Z","labels":{"deployment-tool":"cli-firebase","firebase-functions-hash":"740b0f20b6c5c8e5ff35727161b44f3b24cb1071"},"sourceUploadUrl":"https://storage.googleapis.com/uploads-12254248519.asia-south1.cloudfunctions.appspot.com/b3896ee1-8aa9-4e5a-b999-b5443b3f0e24.zip?GoogleAccessId=service-22793096035@gcf-admin-robot.iam.gserviceaccount.com&Expires=1759868979&Signature=AFcOmQMrKzBw9Dz%2FDUL3iOzcGmAybW6B62YmNaLW9BiIIFQUbe88WuBAJzmdATSwMJLj1UxmwBllduP3DXzTI6tBPRe0%2FFyfg10qNcHcc7cukARJ9w0KNkVAIIPGs3H1sGFkgSJniNLkYEIminwihW0n2z%2BJ%2B66Zh19x0QF8f%2F1WGQHQw3lk1GRya7GWnKn2NIcmHEuEoSxnu9zEXmEmf%2FTr7XzMT69eoTy1X%2FcS7o3Ms26FLiO2626rZjHkjqlQyhM19fdm4d%2FImdoKobZH4w3pq2b6OSaUURZU2%2FWRLbQg6VnV1FxqckMUT1DLCdiVzjx3VClvurN%2FEX1RVYiNqA%3D%3D","environmentVariables":{"FIREBASE_CONFIG":"{\"projectId\":\"vm-authentication-4d4ea\",\"storageBucket\":\"vm-authentication-4d4ea.firebasestorage.app\"}","GCLOUD_PROJECT":"vm-authentication-4d4ea","EVENTARC_CLOUD_EVENT_SOURCE":"projects/vm-authentication-4d4ea/locations/asia-south1/functions/loginWithPassword"},"runtime":"nodejs20","buildEnvironmentVariables":{"GOOGLE_NODE_RUN_SCRIPTS":""},"dockerRegistry":"ARTIFACT_REGISTRY"},"versionId":"1","updateTime":"2025-10-07T19:59:54.677769125Z"}}
[debug] [2025-10-07T19:59:59.107Z] <<< [apiv2][status] GET https://cloudfunctions.googleapis.com/v2/projects/vm-authentication-4d4ea/locations/us-central1/operations/operation-1759867195197-640970305889a-4b26f734-1ea02cdf 200
[debug] [2025-10-07T19:59:59.108Z] <<< [apiv2][body] GET https://cloudfunctions.googleapis.com/v2/projects/vm-authentication-4d4ea/locations/us-central1/operations/operation-1759867195197-640970305889a-4b26f734-1ea02cdf {"name":"projects/vm-authentication-4d4ea/locations/us-central1/operations/operation-1759867195197-640970305889a-4b26f734-1ea02cdf","metadata":{"@type":"type.googleapis.com/google.cloud.functions.v2.OperationMetadata","createTime":"2025-10-07T19:59:55.219020574Z","endTime":"2025-10-07T19:59:58.180579847Z","target":"projects/vm-authentication-4d4ea/locations/us-central1/functions/loginWithPassword","verb":"delete","cancelRequested":false,"apiVersion":"v2","requestResource":{"@type":"type.googleapis.com/google.cloud.functions.v2.Function","name":"projects/vm-authentication-4d4ea/locations/us-central1/functions/loginWithPassword","environment":"GEN_2"},"stages":[{"name":"ARTIFACT_REGISTRY","message":"Deleting function artifacts in Artifact Registry","state":"COMPLETE"},{"name":"SERVICE","message":"Deleting Cloud Run service","state":"COMPLETE","resource":"projects/vm-authentication-4d4ea/locations/us-central1/services/loginwithpassword"}],"operationType":"DELETE_FUNCTION"},"done":true,"response":{"@type":"type.googleapis.com/google.protobuf.Empty"}}
[info] ✔  functions[loginWithPassword(us-central1)] Successful delete operation. 
[debug] [2025-10-07T19:59:59.801Z] [create-default-asia-south1-loginWithPassword] Retrying task index 0
[debug] [2025-10-07T19:59:59.802Z] Checked if tokens are valid: true, expires at: 1759870622924
[debug] [2025-10-07T19:59:59.802Z] Checked if tokens are valid: true, expires at: 1759870622924
[debug] [2025-10-07T19:59:59.802Z] >>> [apiv2][query] GET https://cloudfunctions.googleapis.com/v1/operations/cHJvamVjdHMvdm0tYXV0aGVudGljYXRpb24tNGQ0ZWEvbG9jYXRpb25zL2FzaWEtc291dGgxL29wZXJhdGlvbnMvb3BlcmF0aW9uLTE3NTk4NjcxOTQxODMtNjQwOTcwMmY2MGZmNi1kOTA5YjU0NS1kMWY2OTJlYQ [none]
[debug] [2025-10-07T20:00:00.083Z] <<< [apiv2][status] GET https://cloudfunctions.googleapis.com/v1/operations/cHJvamVjdHMvdm0tYXV0aGVudGljYXRpb24tNGQ0ZWEvbG9jYXRpb25zL2FzaWEtc291dGgxL29wZXJhdGlvbnMvb3BlcmF0aW9uLTE3NTk4NjcxOTQxODMtNjQwOTcwMmY2MGZmNi1kOTA5YjU0NS1kMWY2OTJlYQ 200
[debug] [2025-10-07T20:00:00.084Z] <<< [apiv2][body] GET https://cloudfunctions.googleapis.com/v1/operations/cHJvamVjdHMvdm0tYXV0aGVudGljYXRpb24tNGQ0ZWEvbG9jYXRpb25zL2FzaWEtc291dGgxL29wZXJhdGlvbnMvb3BlcmF0aW9uLTE3NTk4NjcxOTQxODMtNjQwOTcwMmY2MGZmNi1kOTA5YjU0NS1kMWY2OTJlYQ {"name":"operations/cHJvamVjdHMvdm0tYXV0aGVudGljYXRpb24tNGQ0ZWEvbG9jYXRpb25zL2FzaWEtc291dGgxL29wZXJhdGlvbnMvb3BlcmF0aW9uLTE3NTk4NjcxOTQxODMtNjQwOTcwMmY2MGZmNi1kOTA5YjU0NS1kMWY2OTJlYQ","metadata":{"@type":"type.googleapis.com/google.cloud.functions.v1.OperationMetadataV1","target":"projects/vm-authentication-4d4ea/locations/asia-south1/functions/loginWithPassword","type":"CREATE_FUNCTION","request":{"@type":"type.googleapis.com/google.cloud.functions.v1.CloudFunction","name":"projects/vm-authentication-4d4ea/locations/asia-south1/functions/loginWithPassword","httpsTrigger":{"securityLevel":"SECURE_ALWAYS"},"entryPoint":"loginWithPassword","updateTime":"1970-01-01T00:00:00Z","labels":{"deployment-tool":"cli-firebase","firebase-functions-hash":"740b0f20b6c5c8e5ff35727161b44f3b24cb1071"},"sourceUploadUrl":"https://storage.googleapis.com/uploads-12254248519.asia-south1.cloudfunctions.appspot.com/b3896ee1-8aa9-4e5a-b999-b5443b3f0e24.zip?GoogleAccessId=service-22793096035@gcf-admin-robot.iam.gserviceaccount.com&Expires=1759868979&Signature=AFcOmQMrKzBw9Dz%2FDUL3iOzcGmAybW6B62YmNaLW9BiIIFQUbe88WuBAJzmdATSwMJLj1UxmwBllduP3DXzTI6tBPRe0%2FFyfg10qNcHcc7cukARJ9w0KNkVAIIPGs3H1sGFkgSJniNLkYEIminwihW0n2z%2BJ%2B66Zh19x0QF8f%2F1WGQHQw3lk1GRya7GWnKn2NIcmHEuEoSxnu9zEXmEmf%2FTr7XzMT69eoTy1X%2FcS7o3Ms26FLiO2626rZjHkjqlQyhM19fdm4d%2FImdoKobZH4w3pq2b6OSaUURZU2%2FWRLbQg6VnV1FxqckMUT1DLCdiVzjx3VClvurN%2FEX1RVYiNqA%3D%3D","environmentVariables":{"FIREBASE_CONFIG":"{\"projectId\":\"vm-authentication-4d4ea\",\"storageBucket\":\"vm-authentication-4d4ea.firebasestorage.app\"}","GCLOUD_PROJECT":"vm-authentication-4d4ea","EVENTARC_CLOUD_EVENT_SOURCE":"projects/vm-authentication-4d4ea/locations/asia-south1/functions/loginWithPassword"},"runtime":"nodejs20","buildEnvironmentVariables":{"GOOGLE_NODE_RUN_SCRIPTS":""},"dockerRegistry":"ARTIFACT_REGISTRY"},"versionId":"1","updateTime":"2025-10-07T19:59:54.677769125Z"}}
[debug] [2025-10-07T20:00:04.085Z] [create-default-asia-south1-loginWithPassword] Retrying task index 0
[debug] [2025-10-07T20:00:04.086Z] Checked if tokens are valid: true, expires at: 1759870622924
[debug] [2025-10-07T20:00:04.086Z] Checked if tokens are valid: true, expires at: 1759870622924
[debug] [2025-10-07T20:00:04.086Z] >>> [apiv2][query] GET https://cloudfunctions.googleapis.com/v1/operations/cHJvamVjdHMvdm0tYXV0aGVudGljYXRpb24tNGQ0ZWEvbG9jYXRpb25zL2FzaWEtc291dGgxL29wZXJhdGlvbnMvb3BlcmF0aW9uLTE3NTk4NjcxOTQxODMtNjQwOTcwMmY2MGZmNi1kOTA5YjU0NS1kMWY2OTJlYQ [none]
[debug] [2025-10-07T20:00:05.122Z] <<< [apiv2][status] GET https://cloudfunctions.googleapis.com/v1/operations/cHJvamVjdHMvdm0tYXV0aGVudGljYXRpb24tNGQ0ZWEvbG9jYXRpb25zL2FzaWEtc291dGgxL29wZXJhdGlvbnMvb3BlcmF0aW9uLTE3NTk4NjcxOTQxODMtNjQwOTcwMmY2MGZmNi1kOTA5YjU0NS1kMWY2OTJlYQ 200
[debug] [2025-10-07T20:00:05.122Z] <<< [apiv2][body] GET https://cloudfunctions.googleapis.com/v1/operations/cHJvamVjdHMvdm0tYXV0aGVudGljYXRpb24tNGQ0ZWEvbG9jYXRpb25zL2FzaWEtc291dGgxL29wZXJhdGlvbnMvb3BlcmF0aW9uLTE3NTk4NjcxOTQxODMtNjQwOTcwMmY2MGZmNi1kOTA5YjU0NS1kMWY2OTJlYQ {"name":"operations/cHJvamVjdHMvdm0tYXV0aGVudGljYXRpb24tNGQ0ZWEvbG9jYXRpb25zL2FzaWEtc291dGgxL29wZXJhdGlvbnMvb3BlcmF0aW9uLTE3NTk4NjcxOTQxODMtNjQwOTcwMmY2MGZmNi1kOTA5YjU0NS1kMWY2OTJlYQ","metadata":{"@type":"type.googleapis.com/google.cloud.functions.v1.OperationMetadataV1","target":"projects/vm-authentication-4d4ea/locations/asia-south1/functions/loginWithPassword","type":"CREATE_FUNCTION","request":{"@type":"type.googleapis.com/google.cloud.functions.v1.CloudFunction","name":"projects/vm-authentication-4d4ea/locations/asia-south1/functions/loginWithPassword","httpsTrigger":{"securityLevel":"SECURE_ALWAYS"},"entryPoint":"loginWithPassword","updateTime":"1970-01-01T00:00:00Z","labels":{"deployment-tool":"cli-firebase","firebase-functions-hash":"740b0f20b6c5c8e5ff35727161b44f3b24cb1071"},"sourceUploadUrl":"https://storage.googleapis.com/uploads-12254248519.asia-south1.cloudfunctions.appspot.com/b3896ee1-8aa9-4e5a-b999-b5443b3f0e24.zip?GoogleAccessId=service-22793096035@gcf-admin-robot.iam.gserviceaccount.com&Expires=1759868979&Signature=AFcOmQMrKzBw9Dz%2FDUL3iOzcGmAybW6B62YmNaLW9BiIIFQUbe88WuBAJzmdATSwMJLj1UxmwBllduP3DXzTI6tBPRe0%2FFyfg10qNcHcc7cukARJ9w0KNkVAIIPGs3H1sGFkgSJniNLkYEIminwihW0n2z%2BJ%2B66Zh19x0QF8f%2F1WGQHQw3lk1GRya7GWnKn2NIcmHEuEoSxnu9zEXmEmf%2FTr7XzMT69eoTy1X%2FcS7o3Ms26FLiO2626rZjHkjqlQyhM19fdm4d%2FImdoKobZH4w3pq2b6OSaUURZU2%2FWRLbQg6VnV1FxqckMUT1DLCdiVzjx3VClvurN%2FEX1RVYiNqA%3D%3D","environmentVariables":{"FIREBASE_CONFIG":"{\"projectId\":\"vm-authentication-4d4ea\",\"storageBucket\":\"vm-authentication-4d4ea.firebasestorage.app\"}","GCLOUD_PROJECT":"vm-authentication-4d4ea","EVENTARC_CLOUD_EVENT_SOURCE":"projects/vm-authentication-4d4ea/locations/asia-south1/functions/loginWithPassword"},"runtime":"nodejs20","buildEnvironmentVariables":{"GOOGLE_NODE_RUN_SCRIPTS":""},"dockerRegistry":"ARTIFACT_REGISTRY"},"versionId":"1","updateTime":"2025-10-07T19:59:54.677769125Z"}}
[debug] [2025-10-07T20:00:13.124Z] [create-default-asia-south1-loginWithPassword] Retrying task index 0
[debug] [2025-10-07T20:00:13.124Z] Checked if tokens are valid: true, expires at: 1759870622924
[debug] [2025-10-07T20:00:13.124Z] Checked if tokens are valid: true, expires at: 1759870622924
[debug] [2025-10-07T20:00:13.124Z] >>> [apiv2][query] GET https://cloudfunctions.googleapis.com/v1/operations/cHJvamVjdHMvdm0tYXV0aGVudGljYXRpb24tNGQ0ZWEvbG9jYXRpb25zL2FzaWEtc291dGgxL29wZXJhdGlvbnMvb3BlcmF0aW9uLTE3NTk4NjcxOTQxODMtNjQwOTcwMmY2MGZmNi1kOTA5YjU0NS1kMWY2OTJlYQ [none]
[debug] [2025-10-07T20:00:13.427Z] <<< [apiv2][status] GET https://cloudfunctions.googleapis.com/v1/operations/cHJvamVjdHMvdm0tYXV0aGVudGljYXRpb24tNGQ0ZWEvbG9jYXRpb25zL2FzaWEtc291dGgxL29wZXJhdGlvbnMvb3BlcmF0aW9uLTE3NTk4NjcxOTQxODMtNjQwOTcwMmY2MGZmNi1kOTA5YjU0NS1kMWY2OTJlYQ 200
[debug] [2025-10-07T20:00:13.427Z] <<< [apiv2][body] GET https://cloudfunctions.googleapis.com/v1/operations/cHJvamVjdHMvdm0tYXV0aGVudGljYXRpb24tNGQ0ZWEvbG9jYXRpb25zL2FzaWEtc291dGgxL29wZXJhdGlvbnMvb3BlcmF0aW9uLTE3NTk4NjcxOTQxODMtNjQwOTcwMmY2MGZmNi1kOTA5YjU0NS1kMWY2OTJlYQ {"name":"operations/cHJvamVjdHMvdm0tYXV0aGVudGljYXRpb24tNGQ0ZWEvbG9jYXRpb25zL2FzaWEtc291dGgxL29wZXJhdGlvbnMvb3BlcmF0aW9uLTE3NTk4NjcxOTQxODMtNjQwOTcwMmY2MGZmNi1kOTA5YjU0NS1kMWY2OTJlYQ","metadata":{"@type":"type.googleapis.com/google.cloud.functions.v1.OperationMetadataV1","target":"projects/vm-authentication-4d4ea/locations/asia-south1/functions/loginWithPassword","type":"CREATE_FUNCTION","request":{"@type":"type.googleapis.com/google.cloud.functions.v1.CloudFunction","name":"projects/vm-authentication-4d4ea/locations/asia-south1/functions/loginWithPassword","httpsTrigger":{"securityLevel":"SECURE_ALWAYS"},"entryPoint":"loginWithPassword","updateTime":"1970-01-01T00:00:00Z","labels":{"deployment-tool":"cli-firebase","firebase-functions-hash":"740b0f20b6c5c8e5ff35727161b44f3b24cb1071"},"sourceUploadUrl":"https://storage.googleapis.com/uploads-12254248519.asia-south1.cloudfunctions.appspot.com/b3896ee1-8aa9-4e5a-b999-b5443b3f0e24.zip?GoogleAccessId=service-22793096035@gcf-admin-robot.iam.gserviceaccount.com&Expires=1759868979&Signature=AFcOmQMrKzBw9Dz%2FDUL3iOzcGmAybW6B62YmNaLW9BiIIFQUbe88WuBAJzmdATSwMJLj1UxmwBllduP3DXzTI6tBPRe0%2FFyfg10qNcHcc7cukARJ9w0KNkVAIIPGs3H1sGFkgSJniNLkYEIminwihW0n2z%2BJ%2B66Zh19x0QF8f%2F1WGQHQw3lk1GRya7GWnKn2NIcmHEuEoSxnu9zEXmEmf%2FTr7XzMT69eoTy1X%2FcS7o3Ms26FLiO2626rZjHkjqlQyhM19fdm4d%2FImdoKobZH4w3pq2b6OSaUURZU2%2FWRLbQg6VnV1FxqckMUT1DLCdiVzjx3VClvurN%2FEX1RVYiNqA%3D%3D","environmentVariables":{"FIREBASE_CONFIG":"{\"projectId\":\"vm-authentication-4d4ea\",\"storageBucket\":\"vm-authentication-4d4ea.firebasestorage.app\"}","GCLOUD_PROJECT":"vm-authentication-4d4ea","EVENTARC_CLOUD_EVENT_SOURCE":"projects/vm-authentication-4d4ea/locations/asia-south1/functions/loginWithPassword"},"runtime":"nodejs20","buildEnvironmentVariables":{"GOOGLE_NODE_RUN_SCRIPTS":""},"dockerRegistry":"ARTIFACT_REGISTRY"},"versionId":"1","updateTime":"2025-10-07T19:59:54.677769125Z"}}
[debug] [2025-10-07T20:00:23.429Z] [create-default-asia-south1-loginWithPassword] Retrying task index 0
[debug] [2025-10-07T20:00:23.429Z] Checked if tokens are valid: true, expires at: 1759870622924
[debug] [2025-10-07T20:00:23.429Z] Checked if tokens are valid: true, expires at: 1759870622924
[debug] [2025-10-07T20:00:23.430Z] >>> [apiv2][query] GET https://cloudfunctions.googleapis.com/v1/operations/cHJvamVjdHMvdm0tYXV0aGVudGljYXRpb24tNGQ0ZWEvbG9jYXRpb25zL2FzaWEtc291dGgxL29wZXJhdGlvbnMvb3BlcmF0aW9uLTE3NTk4NjcxOTQxODMtNjQwOTcwMmY2MGZmNi1kOTA5YjU0NS1kMWY2OTJlYQ [none]
[debug] [2025-10-07T20:00:25.941Z] <<< [apiv2][status] GET https://cloudfunctions.googleapis.com/v1/operations/cHJvamVjdHMvdm0tYXV0aGVudGljYXRpb24tNGQ0ZWEvbG9jYXRpb25zL2FzaWEtc291dGgxL29wZXJhdGlvbnMvb3BlcmF0aW9uLTE3NTk4NjcxOTQxODMtNjQwOTcwMmY2MGZmNi1kOTA5YjU0NS1kMWY2OTJlYQ 200
[debug] [2025-10-07T20:00:25.941Z] <<< [apiv2][body] GET https://cloudfunctions.googleapis.com/v1/operations/cHJvamVjdHMvdm0tYXV0aGVudGljYXRpb24tNGQ0ZWEvbG9jYXRpb25zL2FzaWEtc291dGgxL29wZXJhdGlvbnMvb3BlcmF0aW9uLTE3NTk4NjcxOTQxODMtNjQwOTcwMmY2MGZmNi1kOTA5YjU0NS1kMWY2OTJlYQ {"name":"operations/cHJvamVjdHMvdm0tYXV0aGVudGljYXRpb24tNGQ0ZWEvbG9jYXRpb25zL2FzaWEtc291dGgxL29wZXJhdGlvbnMvb3BlcmF0aW9uLTE3NTk4NjcxOTQxODMtNjQwOTcwMmY2MGZmNi1kOTA5YjU0NS1kMWY2OTJlYQ","metadata":{"@type":"type.googleapis.com/google.cloud.functions.v1.OperationMetadataV1","target":"projects/vm-authentication-4d4ea/locations/asia-south1/functions/loginWithPassword","type":"CREATE_FUNCTION","request":{"@type":"type.googleapis.com/google.cloud.functions.v1.CloudFunction","name":"projects/vm-authentication-4d4ea/locations/asia-south1/functions/loginWithPassword","httpsTrigger":{"securityLevel":"SECURE_ALWAYS"},"entryPoint":"loginWithPassword","updateTime":"1970-01-01T00:00:00Z","labels":{"deployment-tool":"cli-firebase","firebase-functions-hash":"740b0f20b6c5c8e5ff35727161b44f3b24cb1071"},"sourceUploadUrl":"https://storage.googleapis.com/uploads-12254248519.asia-south1.cloudfunctions.appspot.com/b3896ee1-8aa9-4e5a-b999-b5443b3f0e24.zip?GoogleAccessId=service-22793096035@gcf-admin-robot.iam.gserviceaccount.com&Expires=1759868979&Signature=AFcOmQMrKzBw9Dz%2FDUL3iOzcGmAybW6B62YmNaLW9BiIIFQUbe88WuBAJzmdATSwMJLj1UxmwBllduP3DXzTI6tBPRe0%2FFyfg10qNcHcc7cukARJ9w0KNkVAIIPGs3H1sGFkgSJniNLkYEIminwihW0n2z%2BJ%2B66Zh19x0QF8f%2F1WGQHQw3lk1GRya7GWnKn2NIcmHEuEoSxnu9zEXmEmf%2FTr7XzMT69eoTy1X%2FcS7o3Ms26FLiO2626rZjHkjqlQyhM19fdm4d%2FImdoKobZH4w3pq2b6OSaUURZU2%2FWRLbQg6VnV1FxqckMUT1DLCdiVzjx3VClvurN%2FEX1RVYiNqA%3D%3D","environmentVariables":{"FIREBASE_CONFIG":"{\"projectId\":\"vm-authentication-4d4ea\",\"storageBucket\":\"vm-authentication-4d4ea.firebasestorage.app\"}","GCLOUD_PROJECT":"vm-authentication-4d4ea","EVENTARC_CLOUD_EVENT_SOURCE":"projects/vm-authentication-4d4ea/locations/asia-south1/functions/loginWithPassword"},"runtime":"nodejs20","buildEnvironmentVariables":{"GOOGLE_NODE_RUN_SCRIPTS":""},"dockerRegistry":"ARTIFACT_REGISTRY"},"versionId":"1","updateTime":"2025-10-07T19:59:54.677769125Z","buildId":"8c429fdc-a5b5-47cf-9c90-9837348d4c88","buildName":"projects/22793096035/locations/asia-south1/builds/8c429fdc-a5b5-47cf-9c90-9837348d4c88"}}
[debug] [2025-10-07T20:00:35.943Z] [create-default-asia-south1-loginWithPassword] Retrying task index 0
[debug] [2025-10-07T20:00:35.943Z] Checked if tokens are valid: true, expires at: 1759870622924
[debug] [2025-10-07T20:00:35.944Z] Checked if tokens are valid: true, expires at: 1759870622924
[debug] [2025-10-07T20:00:35.944Z] >>> [apiv2][query] GET https://cloudfunctions.googleapis.com/v1/operations/cHJvamVjdHMvdm0tYXV0aGVudGljYXRpb24tNGQ0ZWEvbG9jYXRpb25zL2FzaWEtc291dGgxL29wZXJhdGlvbnMvb3BlcmF0aW9uLTE3NTk4NjcxOTQxODMtNjQwOTcwMmY2MGZmNi1kOTA5YjU0NS1kMWY2OTJlYQ [none]
[debug] [2025-10-07T20:00:36.250Z] <<< [apiv2][status] GET https://cloudfunctions.googleapis.com/v1/operations/cHJvamVjdHMvdm0tYXV0aGVudGljYXRpb24tNGQ0ZWEvbG9jYXRpb25zL2FzaWEtc291dGgxL29wZXJhdGlvbnMvb3BlcmF0aW9uLTE3NTk4NjcxOTQxODMtNjQwOTcwMmY2MGZmNi1kOTA5YjU0NS1kMWY2OTJlYQ 200
[debug] [2025-10-07T20:00:36.250Z] <<< [apiv2][body] GET https://cloudfunctions.googleapis.com/v1/operations/cHJvamVjdHMvdm0tYXV0aGVudGljYXRpb24tNGQ0ZWEvbG9jYXRpb25zL2FzaWEtc291dGgxL29wZXJhdGlvbnMvb3BlcmF0aW9uLTE3NTk4NjcxOTQxODMtNjQwOTcwMmY2MGZmNi1kOTA5YjU0NS1kMWY2OTJlYQ {"name":"operations/cHJvamVjdHMvdm0tYXV0aGVudGljYXRpb24tNGQ0ZWEvbG9jYXRpb25zL2FzaWEtc291dGgxL29wZXJhdGlvbnMvb3BlcmF0aW9uLTE3NTk4NjcxOTQxODMtNjQwOTcwMmY2MGZmNi1kOTA5YjU0NS1kMWY2OTJlYQ","metadata":{"@type":"type.googleapis.com/google.cloud.functions.v1.OperationMetadataV1","target":"projects/vm-authentication-4d4ea/locations/asia-south1/functions/loginWithPassword","type":"CREATE_FUNCTION","request":{"@type":"type.googleapis.com/google.cloud.functions.v1.CloudFunction","name":"projects/vm-authentication-4d4ea/locations/asia-south1/functions/loginWithPassword","httpsTrigger":{"securityLevel":"SECURE_ALWAYS"},"entryPoint":"loginWithPassword","updateTime":"1970-01-01T00:00:00Z","labels":{"deployment-tool":"cli-firebase","firebase-functions-hash":"740b0f20b6c5c8e5ff35727161b44f3b24cb1071"},"sourceUploadUrl":"https://storage.googleapis.com/uploads-12254248519.asia-south1.cloudfunctions.appspot.com/b3896ee1-8aa9-4e5a-b999-b5443b3f0e24.zip?GoogleAccessId=service-22793096035@gcf-admin-robot.iam.gserviceaccount.com&Expires=1759868979&Signature=AFcOmQMrKzBw9Dz%2FDUL3iOzcGmAybW6B62YmNaLW9BiIIFQUbe88WuBAJzmdATSwMJLj1UxmwBllduP3DXzTI6tBPRe0%2FFyfg10qNcHcc7cukARJ9w0KNkVAIIPGs3H1sGFkgSJniNLkYEIminwihW0n2z%2BJ%2B66Zh19x0QF8f%2F1WGQHQw3lk1GRya7GWnKn2NIcmHEuEoSxnu9zEXmEmf%2FTr7XzMT69eoTy1X%2FcS7o3Ms26FLiO2626rZjHkjqlQyhM19fdm4d%2FImdoKobZH4w3pq2b6OSaUURZU2%2FWRLbQg6VnV1FxqckMUT1DLCdiVzjx3VClvurN%2FEX1RVYiNqA%3D%3D","environmentVariables":{"FIREBASE_CONFIG":"{\"projectId\":\"vm-authentication-4d4ea\",\"storageBucket\":\"vm-authentication-4d4ea.firebasestorage.app\"}","GCLOUD_PROJECT":"vm-authentication-4d4ea","EVENTARC_CLOUD_EVENT_SOURCE":"projects/vm-authentication-4d4ea/locations/asia-south1/functions/loginWithPassword"},"runtime":"nodejs20","buildEnvironmentVariables":{"GOOGLE_NODE_RUN_SCRIPTS":""},"dockerRegistry":"ARTIFACT_REGISTRY"},"versionId":"1","updateTime":"2025-10-07T19:59:54.677769125Z","buildId":"8c429fdc-a5b5-47cf-9c90-9837348d4c88","buildName":"projects/22793096035/locations/asia-south1/builds/8c429fdc-a5b5-47cf-9c90-9837348d4c88"}}
[debug] [2025-10-07T20:00:46.253Z] [create-default-asia-south1-loginWithPassword] Retrying task index 0
[debug] [2025-10-07T20:00:46.256Z] Checked if tokens are valid: true, expires at: 1759870622924
[debug] [2025-10-07T20:00:46.257Z] Checked if tokens are valid: true, expires at: 1759870622924
[debug] [2025-10-07T20:00:46.257Z] >>> [apiv2][query] GET https://cloudfunctions.googleapis.com/v1/operations/cHJvamVjdHMvdm0tYXV0aGVudGljYXRpb24tNGQ0ZWEvbG9jYXRpb25zL2FzaWEtc291dGgxL29wZXJhdGlvbnMvb3BlcmF0aW9uLTE3NTk4NjcxOTQxODMtNjQwOTcwMmY2MGZmNi1kOTA5YjU0NS1kMWY2OTJlYQ [none]
[debug] [2025-10-07T20:00:46.792Z] <<< [apiv2][status] GET https://cloudfunctions.googleapis.com/v1/operations/cHJvamVjdHMvdm0tYXV0aGVudGljYXRpb24tNGQ0ZWEvbG9jYXRpb25zL2FzaWEtc291dGgxL29wZXJhdGlvbnMvb3BlcmF0aW9uLTE3NTk4NjcxOTQxODMtNjQwOTcwMmY2MGZmNi1kOTA5YjU0NS1kMWY2OTJlYQ 200
[debug] [2025-10-07T20:00:46.792Z] <<< [apiv2][body] GET https://cloudfunctions.googleapis.com/v1/operations/cHJvamVjdHMvdm0tYXV0aGVudGljYXRpb24tNGQ0ZWEvbG9jYXRpb25zL2FzaWEtc291dGgxL29wZXJhdGlvbnMvb3BlcmF0aW9uLTE3NTk4NjcxOTQxODMtNjQwOTcwMmY2MGZmNi1kOTA5YjU0NS1kMWY2OTJlYQ {"name":"operations/cHJvamVjdHMvdm0tYXV0aGVudGljYXRpb24tNGQ0ZWEvbG9jYXRpb25zL2FzaWEtc291dGgxL29wZXJhdGlvbnMvb3BlcmF0aW9uLTE3NTk4NjcxOTQxODMtNjQwOTcwMmY2MGZmNi1kOTA5YjU0NS1kMWY2OTJlYQ","metadata":{"@type":"type.googleapis.com/google.cloud.functions.v1.OperationMetadataV1","target":"projects/vm-authentication-4d4ea/locations/asia-south1/functions/loginWithPassword","type":"CREATE_FUNCTION","request":{"@type":"type.googleapis.com/google.cloud.functions.v1.CloudFunction","name":"projects/vm-authentication-4d4ea/locations/asia-south1/functions/loginWithPassword","httpsTrigger":{"securityLevel":"SECURE_ALWAYS"},"entryPoint":"loginWithPassword","updateTime":"1970-01-01T00:00:00Z","labels":{"deployment-tool":"cli-firebase","firebase-functions-hash":"740b0f20b6c5c8e5ff35727161b44f3b24cb1071"},"sourceUploadUrl":"https://storage.googleapis.com/uploads-12254248519.asia-south1.cloudfunctions.appspot.com/b3896ee1-8aa9-4e5a-b999-b5443b3f0e24.zip?GoogleAccessId=service-22793096035@gcf-admin-robot.iam.gserviceaccount.com&Expires=1759868979&Signature=AFcOmQMrKzBw9Dz%2FDUL3iOzcGmAybW6B62YmNaLW9BiIIFQUbe88WuBAJzmdATSwMJLj1UxmwBllduP3DXzTI6tBPRe0%2FFyfg10qNcHcc7cukARJ9w0KNkVAIIPGs3H1sGFkgSJniNLkYEIminwihW0n2z%2BJ%2B66Zh19x0QF8f%2F1WGQHQw3lk1GRya7GWnKn2NIcmHEuEoSxnu9zEXmEmf%2FTr7XzMT69eoTy1X%2FcS7o3Ms26FLiO2626rZjHkjqlQyhM19fdm4d%2FImdoKobZH4w3pq2b6OSaUURZU2%2FWRLbQg6VnV1FxqckMUT1DLCdiVzjx3VClvurN%2FEX1RVYiNqA%3D%3D","environmentVariables":{"FIREBASE_CONFIG":"{\"projectId\":\"vm-authentication-4d4ea\",\"storageBucket\":\"vm-authentication-4d4ea.firebasestorage.app\"}","GCLOUD_PROJECT":"vm-authentication-4d4ea","EVENTARC_CLOUD_EVENT_SOURCE":"projects/vm-authentication-4d4ea/locations/asia-south1/functions/loginWithPassword"},"runtime":"nodejs20","buildEnvironmentVariables":{"GOOGLE_NODE_RUN_SCRIPTS":""},"dockerRegistry":"ARTIFACT_REGISTRY"},"versionId":"1","updateTime":"2025-10-07T19:59:54.677769125Z","buildId":"8c429fdc-a5b5-47cf-9c90-9837348d4c88","buildName":"projects/22793096035/locations/asia-south1/builds/8c429fdc-a5b5-47cf-9c90-9837348d4c88"}}
[debug] [2025-10-07T20:00:56.794Z] [create-default-asia-south1-loginWithPassword] Retrying task index 0
[debug] [2025-10-07T20:00:56.795Z] Checked if tokens are valid: true, expires at: 1759870622924
[debug] [2025-10-07T20:00:56.795Z] Checked if tokens are valid: true, expires at: 1759870622924
[debug] [2025-10-07T20:00:56.795Z] >>> [apiv2][query] GET https://cloudfunctions.googleapis.com/v1/operations/cHJvamVjdHMvdm0tYXV0aGVudGljYXRpb24tNGQ0ZWEvbG9jYXRpb25zL2FzaWEtc291dGgxL29wZXJhdGlvbnMvb3BlcmF0aW9uLTE3NTk4NjcxOTQxODMtNjQwOTcwMmY2MGZmNi1kOTA5YjU0NS1kMWY2OTJlYQ [none]
[debug] [2025-10-07T20:00:57.401Z] <<< [apiv2][status] GET https://cloudfunctions.googleapis.com/v1/operations/cHJvamVjdHMvdm0tYXV0aGVudGljYXRpb24tNGQ0ZWEvbG9jYXRpb25zL2FzaWEtc291dGgxL29wZXJhdGlvbnMvb3BlcmF0aW9uLTE3NTk4NjcxOTQxODMtNjQwOTcwMmY2MGZmNi1kOTA5YjU0NS1kMWY2OTJlYQ 200
[debug] [2025-10-07T20:00:57.401Z] <<< [apiv2][body] GET https://cloudfunctions.googleapis.com/v1/operations/cHJvamVjdHMvdm0tYXV0aGVudGljYXRpb24tNGQ0ZWEvbG9jYXRpb25zL2FzaWEtc291dGgxL29wZXJhdGlvbnMvb3BlcmF0aW9uLTE3NTk4NjcxOTQxODMtNjQwOTcwMmY2MGZmNi1kOTA5YjU0NS1kMWY2OTJlYQ {"name":"operations/cHJvamVjdHMvdm0tYXV0aGVudGljYXRpb24tNGQ0ZWEvbG9jYXRpb25zL2FzaWEtc291dGgxL29wZXJhdGlvbnMvb3BlcmF0aW9uLTE3NTk4NjcxOTQxODMtNjQwOTcwMmY2MGZmNi1kOTA5YjU0NS1kMWY2OTJlYQ","metadata":{"@type":"type.googleapis.com/google.cloud.functions.v1.OperationMetadataV1","target":"projects/vm-authentication-4d4ea/locations/asia-south1/functions/loginWithPassword","type":"CREATE_FUNCTION","request":{"@type":"type.googleapis.com/google.cloud.functions.v1.CloudFunction","name":"projects/vm-authentication-4d4ea/locations/asia-south1/functions/loginWithPassword","httpsTrigger":{"securityLevel":"SECURE_ALWAYS"},"entryPoint":"loginWithPassword","updateTime":"1970-01-01T00:00:00Z","labels":{"deployment-tool":"cli-firebase","firebase-functions-hash":"740b0f20b6c5c8e5ff35727161b44f3b24cb1071"},"sourceUploadUrl":"https://storage.googleapis.com/uploads-12254248519.asia-south1.cloudfunctions.appspot.com/b3896ee1-8aa9-4e5a-b999-b5443b3f0e24.zip?GoogleAccessId=service-22793096035@gcf-admin-robot.iam.gserviceaccount.com&Expires=1759868979&Signature=AFcOmQMrKzBw9Dz%2FDUL3iOzcGmAybW6B62YmNaLW9BiIIFQUbe88WuBAJzmdATSwMJLj1UxmwBllduP3DXzTI6tBPRe0%2FFyfg10qNcHcc7cukARJ9w0KNkVAIIPGs3H1sGFkgSJniNLkYEIminwihW0n2z%2BJ%2B66Zh19x0QF8f%2F1WGQHQw3lk1GRya7GWnKn2NIcmHEuEoSxnu9zEXmEmf%2FTr7XzMT69eoTy1X%2FcS7o3Ms26FLiO2626rZjHkjqlQyhM19fdm4d%2FImdoKobZH4w3pq2b6OSaUURZU2%2FWRLbQg6VnV1FxqckMUT1DLCdiVzjx3VClvurN%2FEX1RVYiNqA%3D%3D","environmentVariables":{"FIREBASE_CONFIG":"{\"projectId\":\"vm-authentication-4d4ea\",\"storageBucket\":\"vm-authentication-4d4ea.firebasestorage.app\"}","GCLOUD_PROJECT":"vm-authentication-4d4ea","EVENTARC_CLOUD_EVENT_SOURCE":"projects/vm-authentication-4d4ea/locations/asia-south1/functions/loginWithPassword"},"runtime":"nodejs20","buildEnvironmentVariables":{"GOOGLE_NODE_RUN_SCRIPTS":""},"dockerRegistry":"ARTIFACT_REGISTRY"},"versionId":"1","updateTime":"2025-10-07T20:00:51.972984767Z","buildId":"8c429fdc-a5b5-47cf-9c90-9837348d4c88","buildName":"projects/22793096035/locations/asia-south1/builds/8c429fdc-a5b5-47cf-9c90-9837348d4c88"},"done":true,"error":{"code":3,"message":"Gen1 operation for function projects/vm-authentication-4d4ea/locations/asia-south1/functions/loginWithPassword failed: Build failed: npm error code ERESOLVE\nnpm error ERESOLVE could not resolve\nnpm error\nnpm error While resolving: firebase-functions@5.1.1\nnpm error Found: firebase-admin@13.5.0\nnpm error node_modules/firebase-admin\nnpm error   firebase-admin@\"^13.5.0\" from the root project\nnpm error   peer firebase-admin@\"^8.0.0 || ^9.0.0 || ^10.0.0 || ^11.0.0 || ^12.0.0 || ^13.0.0\" from firebase-functions-test@3.4.1\nnpm error   node_modules/firebase-functions-test\nnpm error     dev firebase-functions-test@\"^3.1.0\" from the root project\nnpm error\nnpm error Could not resolve dependency:\nnpm error peer firebase-admin@\"^11.10.0 || ^12.0.0\" from firebase-functions@5.1.1\nnpm error node_modules/firebase-functions\nnpm error   firebase-functions@\"^5.1.1\" from the root project\nnpm error   peer firebase-functions@\">=4.9.0\" from firebase-functions-test@3.4.1\nnpm error   node_modules/firebase-functions-test\nnpm error     dev firebase-functions-test@\"^3.1.0\" from the root project\nnpm error\nnpm error Conflicting peer dependency: firebase-admin@12.7.0\nnpm error node_modules/firebase-admin\nnpm error   peer firebase-admin@\"^11.10.0 || ^12.0.0\" from firebase-functions@5.1.1\nnpm error   node_modules/firebase-functions\nnpm error     firebase-functions@\"^5.1.1\" from the root project\nnpm error     peer firebase-functions@\">=4.9.0\" from firebase-functions-test@3.4.1\nnpm error     node_modules/firebase-functions-test\nnpm error       dev firebase-functions-test@\"^3.1.0\" from the root project\nnpm error\nnpm error Fix the upstream dependency conflict, or retry\nnpm error this command with --force or --legacy-peer-deps\nnpm error to accept an incorrect (and potentially broken) dependency resolution.\nnpm error\nnpm error\nnpm error For a full report see:\nnpm error /www-data-home/.npm/_logs/2025-10-07T20_00_43_675Z-eresolve-report.txt\nnpm error A complete log of this run can be found in: /www-data-home/.npm/_logs/2025-10-07T20_00_43_675Z-debug-0.log; Error ID: 7fa33aaa."}}
[debug] [2025-10-07T20:00:57.401Z] Got source token undefined for region asia-south1
[error] Gen1 operation for function projects/vm-authentication-4d4ea/locations/asia-south1/functions/loginWithPassword failed: Build failed: npm error code ERESOLVE
npm error ERESOLVE could not resolve
npm error
npm error While resolving: firebase-functions@5.1.1
npm error Found: firebase-admin@13.5.0
npm error node_modules/firebase-admin
npm error   firebase-admin@"^13.5.0" from the root project
npm error   peer firebase-admin@"^8.0.0 || ^9.0.0 || ^10.0.0 || ^11.0.0 || ^12.0.0 || ^13.0.0" from firebase-functions-test@3.4.1
npm error   node_modules/firebase-functions-test
npm error     dev firebase-functions-test@"^3.1.0" from the root project
npm error
npm error Could not resolve dependency:
npm error peer firebase-admin@"^11.10.0 || ^12.0.0" from firebase-functions@5.1.1
npm error node_modules/firebase-functions
npm error   firebase-functions@"^5.1.1" from the root project
npm error   peer firebase-functions@">=4.9.0" from firebase-functions-test@3.4.1
npm error   node_modules/firebase-functions-test
npm error     dev firebase-functions-test@"^3.1.0" from the root project
npm error
npm error Conflicting peer dependency: firebase-admin@12.7.0
npm error node_modules/firebase-admin
npm error   peer firebase-admin@"^11.10.0 || ^12.0.0" from firebase-functions@5.1.1
npm error   node_modules/firebase-functions
npm error     firebase-functions@"^5.1.1" from the root project
npm error     peer firebase-functions@">=4.9.0" from firebase-functions-test@3.4.1
npm error     node_modules/firebase-functions-test
npm error       dev firebase-functions-test@"^3.1.0" from the root project
npm error
npm error Fix the upstream dependency conflict, or retry
npm error this command with --force or --legacy-peer-deps
npm error to accept an incorrect (and potentially broken) dependency resolution.
npm error
npm error
npm error For a full report see:
npm error /www-data-home/.npm/_logs/2025-10-07T20_00_43_675Z-eresolve-report.txt
npm error A complete log of this run can be found in: /www-data-home/.npm/_logs/2025-10-07T20_00_43_675Z-debug-0.log; Error ID: 7fa33aaa.
[debug] [2025-10-07T20:00:57.428Z] Total Function Deployment time: 63478
[debug] [2025-10-07T20:00:57.428Z] 2 Functions Deployed
[debug] [2025-10-07T20:00:57.429Z] 1 Functions Errored
[debug] [2025-10-07T20:00:57.429Z] 0 Function Deployments Aborted
[debug] [2025-10-07T20:00:57.429Z] Average Function Deployment time: 34323
[info] 
[info] Functions deploy had errors with the following functions:
	loginWithPassword(asia-south1)
[debug] [2025-10-07T20:00:57.564Z] Not printing URL for HTTPS function. Typically this means it didn't match a filter or we failed deployment
[debug] [2025-10-07T20:00:57.565Z] Checked if tokens are valid: true, expires at: 1759870622924
[debug] [2025-10-07T20:00:57.565Z] Checked if tokens are valid: true, expires at: 1759870622924
[debug] [2025-10-07T20:00:57.566Z] >>> [apiv2][query] GET https://artifactregistry.googleapis.com/v1/projects/vm-authentication-4d4ea/locations/asia-south1/repositories/gcf-artifacts [none]
[debug] [2025-10-07T20:00:58.435Z] <<< [apiv2][status] GET https://artifactregistry.googleapis.com/v1/projects/vm-authentication-4d4ea/locations/asia-south1/repositories/gcf-artifacts 200
[debug] [2025-10-07T20:00:58.435Z] <<< [apiv2][body] GET https://artifactregistry.googleapis.com/v1/projects/vm-authentication-4d4ea/locations/asia-south1/repositories/gcf-artifacts {"name":"projects/vm-authentication-4d4ea/locations/asia-south1/repositories/gcf-artifacts","format":"DOCKER","description":"This repository is created and used by Cloud Functions for storing function docker images.","labels":{"goog-managed-by":"cloudfunctions"},"createTime":"2025-10-07T20:00:11.996709Z","updateTime":"2025-10-07T20:00:11.996709Z","mode":"STANDARD_REPOSITORY","satisfiesPzs":true,"vulnerabilityScanningConfig":{"lastEnableTime":"2025-10-07T20:00:00.546184878Z","enablementState":"SCANNING_DISABLED","enablementStateReason":"API containerscanning.googleapis.com is not enabled."},"satisfiesPzi":true,"registryUri":"asia-south1-docker.pkg.dev/vm-authentication-4d4ea/gcf-artifacts"}
[warn] ⚠  functions: No cleanup policy detected for repositories in asia-south1. This may result in a small monthly bill as container images accumulate over time. 
[info] i  functions: Configuring cleanup policy for repository in asia-south1. Images older than 6 days will be automatically deleted. 
[debug] [2025-10-07T20:01:18.074Z] Setting up artifact cleanup policy for region asia-south1
[debug] [2025-10-07T20:01:18.075Z] Checked if tokens are valid: true, expires at: 1759870622924
[debug] [2025-10-07T20:01:18.075Z] Checked if tokens are valid: true, expires at: 1759870622924
[debug] [2025-10-07T20:01:18.075Z] >>> [apiv2][query] PATCH https://artifactregistry.googleapis.com/v1/projects/vm-authentication-4d4ea/locations/asia-south1/repositories/gcf-artifacts updateMask=name%2CcleanupPolicies%2CcleanupPolicyDryRun%2Clabels
[debug] [2025-10-07T20:01:18.075Z] >>> [apiv2][body] PATCH https://artifactregistry.googleapis.com/v1/projects/vm-authentication-4d4ea/locations/asia-south1/repositories/gcf-artifacts {"name":"projects/vm-authentication-4d4ea/locations/asia-south1/repositories/gcf-artifacts","cleanupPolicies":{"firebase-functions-cleanup":{"id":"firebase-functions-cleanup","condition":{"tagState":"ANY","olderThan":"518400s"},"action":"DELETE"}},"cleanupPolicyDryRun":false,"labels":{"goog-managed-by":"cloudfunctions"}}
[debug] [2025-10-07T20:01:20.209Z] <<< [apiv2][status] PATCH https://artifactregistry.googleapis.com/v1/projects/vm-authentication-4d4ea/locations/asia-south1/repositories/gcf-artifacts 200
[debug] [2025-10-07T20:01:20.209Z] <<< [apiv2][body] PATCH https://artifactregistry.googleapis.com/v1/projects/vm-authentication-4d4ea/locations/asia-south1/repositories/gcf-artifacts {"name":"projects/vm-authentication-4d4ea/locations/asia-south1/repositories/gcf-artifacts","format":"DOCKER","description":"This repository is created and used by Cloud Functions for storing function docker images.","labels":{"goog-managed-by":"cloudfunctions"},"createTime":"2025-10-07T20:00:11.996709Z","updateTime":"2025-10-07T20:01:18.604727Z","mode":"STANDARD_REPOSITORY","cleanupPolicies":{"firebase-functions-cleanup":{"id":"firebase-functions-cleanup","action":"DELETE","condition":{"tagState":"ANY","olderThan":"518400s"}}},"satisfiesPzs":true,"vulnerabilityScanningConfig":{"lastEnableTime":"2025-10-07T20:00:00.546184878Z","enablementState":"SCANNING_DISABLED","enablementStateReason":"API containerscanning.googleapis.com is not enabled."},"satisfiesPzi":true}
[info] i  functions: Configured cleanup policy for repository in asia-south1. 
[debug] [2025-10-07T20:01:20.209Z] Functions deploy failed.
[debug] [2025-10-07T20:01:20.209Z] {
  "endpoint": {
    "id": "loginWithPassword",
    "project": "vm-authentication-4d4ea",
    "region": "asia-south1",
    "entryPoint": "loginWithPassword",
    "platform": "gcfv1",
    "runtime": "nodejs20",
    "httpsTrigger": {},
    "serviceAccount": null,
    "ingressSettings": null,
    "availableMemoryMb": null,
    "timeoutSeconds": null,
    "maxInstances": null,
    "minInstances": null,
    "vpc": null,
    "environmentVariables": {
      "FIREBASE_CONFIG": "{\"projectId\":\"vm-authentication-4d4ea\",\"storageBucket\":\"vm-authentication-4d4ea.firebasestorage.app\"}",
      "GCLOUD_PROJECT": "vm-authentication-4d4ea",
      "EVENTARC_CLOUD_EVENT_SOURCE": "projects/vm-authentication-4d4ea/locations/asia-south1/functions/loginWithPassword"
    },
    "codebase": "default",
    "targetedByOnly": false,
    "hash": "740b0f20b6c5c8e5ff35727161b44f3b24cb1071",
    "labels": {
      "deployment-tool": "cli-firebase"
    }
  },
  "op": "create",
  "original": {
    "name": "FirebaseError",
    "children": [],
    "exit": 1,
    "message": "Gen1 operation for function projects/vm-authentication-4d4ea/locations/asia-south1/functions/loginWithPassword failed: Build failed: npm error code ERESOLVE\nnpm error ERESOLVE could not resolve\nnpm error\nnpm error While resolving: firebase-functions@5.1.1\nnpm error Found: firebase-admin@13.5.0\nnpm error node_modules/firebase-admin\nnpm error   firebase-admin@\"^13.5.0\" from the root project\nnpm error   peer firebase-admin@\"^8.0.0 || ^9.0.0 || ^10.0.0 || ^11.0.0 || ^12.0.0 || ^13.0.0\" from firebase-functions-test@3.4.1\nnpm error   node_modules/firebase-functions-test\nnpm error     dev firebase-functions-test@\"^3.1.0\" from the root project\nnpm error\nnpm error Could not resolve dependency:\nnpm error peer firebase-admin@\"^11.10.0 || ^12.0.0\" from firebase-functions@5.1.1\nnpm error node_modules/firebase-functions\nnpm error   firebase-functions@\"^5.1.1\" from the root project\nnpm error   peer firebase-functions@\">=4.9.0\" from firebase-functions-test@3.4.1\nnpm error   node_modules/firebase-functions-test\nnpm error     dev firebase-functions-test@\"^3.1.0\" from the root project\nnpm error\nnpm error Conflicting peer dependency: firebase-admin@12.7.0\nnpm error node_modules/firebase-admin\nnpm error   peer firebase-admin@\"^11.10.0 || ^12.0.0\" from firebase-functions@5.1.1\nnpm error   node_modules/firebase-functions\nnpm error     firebase-functions@\"^5.1.1\" from the root project\nnpm error     peer firebase-functions@\">=4.9.0\" from firebase-functions-test@3.4.1\nnpm error     node_modules/firebase-functions-test\nnpm error       dev firebase-functions-test@\"^3.1.0\" from the root project\nnpm error\nnpm error Fix the upstream dependency conflict, or retry\nnpm error this command with --force or --legacy-peer-deps\nnpm error to accept an incorrect (and potentially broken) dependency resolution.\nnpm error\nnpm error\nnpm error For a full report see:\nnpm error /www-data-home/.npm/_logs/2025-10-07T20_00_43_675Z-eresolve-report.txt\nnpm error A complete log of this run can be found in: /www-data-home/.npm/_logs/2025-10-07T20_00_43_675Z-debug-0.log; Error ID: 7fa33aaa.",
    "original": {
      "code": 3,
      "message": "Gen1 operation for function projects/vm-authentication-4d4ea/locations/asia-south1/functions/loginWithPassword failed: Build failed: npm error code ERESOLVE\nnpm error ERESOLVE could not resolve\nnpm error\nnpm error While resolving: firebase-functions@5.1.1\nnpm error Found: firebase-admin@13.5.0\nnpm error node_modules/firebase-admin\nnpm error   firebase-admin@\"^13.5.0\" from the root project\nnpm error   peer firebase-admin@\"^8.0.0 || ^9.0.0 || ^10.0.0 || ^11.0.0 || ^12.0.0 || ^13.0.0\" from firebase-functions-test@3.4.1\nnpm error   node_modules/firebase-functions-test\nnpm error     dev firebase-functions-test@\"^3.1.0\" from the root project\nnpm error\nnpm error Could not resolve dependency:\nnpm error peer firebase-admin@\"^11.10.0 || ^12.0.0\" from firebase-functions@5.1.1\nnpm error node_modules/firebase-functions\nnpm error   firebase-functions@\"^5.1.1\" from the root project\nnpm error   peer firebase-functions@\">=4.9.0\" from firebase-functions-test@3.4.1\nnpm error   node_modules/firebase-functions-test\nnpm error     dev firebase-functions-test@\"^3.1.0\" from the root project\nnpm error\nnpm error Conflicting peer dependency: firebase-admin@12.7.0\nnpm error node_modules/firebase-admin\nnpm error   peer firebase-admin@\"^11.10.0 || ^12.0.0\" from firebase-functions@5.1.1\nnpm error   node_modules/firebase-functions\nnpm error     firebase-functions@\"^5.1.1\" from the root project\nnpm error     peer firebase-functions@\">=4.9.0\" from firebase-functions-test@3.4.1\nnpm error     node_modules/firebase-functions-test\nnpm error       dev firebase-functions-test@\"^3.1.0\" from the root project\nnpm error\nnpm error Fix the upstream dependency conflict, or retry\nnpm error this command with --force or --legacy-peer-deps\nnpm error to accept an incorrect (and potentially broken) dependency resolution.\nnpm error\nnpm error\nnpm error For a full report see:\nnpm error /www-data-home/.npm/_logs/2025-10-07T20_00_43_675Z-eresolve-report.txt\nnpm error A complete log of this run can be found in: /www-data-home/.npm/_logs/2025-10-07T20_00_43_675Z-debug-0.log; Error ID: 7fa33aaa."
    },
    "status": 3,
    "code": 3
  }
}
[debug] [2025-10-07T20:01:20.319Z] Error: Failed to create function loginWithPassword in region asia-south1
    at /Users/macbook/.nvm/versions/node/v22.19.0/lib/node_modules/firebase-tools/lib/deploy/functions/release/fabricator.js:52:11
    at process.processTicksAndRejections (node:internal/process/task_queues:105:5)
    at async Fabricator.createV1Function (/Users/macbook/.nvm/versions/node/v22.19.0/lib/node_modules/firebase-tools/lib/deploy/functions/release/fabricator.js:194:32)
    at async Fabricator.createEndpoint (/Users/macbook/.nvm/versions/node/v22.19.0/lib/node_modules/firebase-tools/lib/deploy/functions/release/fabricator.js:134:13)
    at async handle (/Users/macbook/.nvm/versions/node/v22.19.0/lib/node_modules/firebase-tools/lib/deploy/functions/release/fabricator.js:89:17)
[error] 
[error] Error: There was an error deploying functions
